# JRE version: OpenJDK Runtime Environment (21.0+35) (build 21+35-2513)
# Java VM: OpenJDK 64-Bit Server VM (21+35-2513, mixed mode, emulated-client, sharing, tiered, compressed oops, compressed class ptrs, g1 gc, windows-amd64)
GC Precious Log:
 CardTable entry size: 512
 Card Set container configuration: InlinePtr #cards 5 size 8 Array Of Cards #cards 12 size 40 Howl #buckets 4 coarsen threshold 1843 Howl Bitmap #cards 512 size 80 coarsen threshold 460 Card regions per heap region 1 cards per card region 2048
 CPUs: 8 total, 8 available
 Memory: 8101M
 Large Page Support: Disabled
 NUMA Support: Disabled
 Compressed Oops: Enabled (32-bit)
 Heap Region Size: 1M
 Heap Min Capacity: 8M
 Heap Initial Capacity: 128M
 Heap Max Capacity: 2026M
 Pre-touch: Disabled
 Parallel Workers: 8
 Concurrent Workers: 2
 Concurrent Refinement Workers: 8
 Periodic GC: Disabled
Heap:
 garbage-first heap   total 66560K, used 52680K [0x0000000081600000, 0x0000000100000000)
  region size 1024K, 33 young (33792K), 4 survivors (4096K)
 Metaspace       used 58103K, committed 58816K, reserved 1114112K
  class space    used 8113K, committed 8448K, reserved 1048576K
GC Heap History (18 events):
Event: 0.802 GC heap before
{Heap before GC invocations=0 (full 0):
 garbage-first heap   total 131072K, used 23552K [0x0000000081600000, 0x0000000100000000)
  region size 1024K, 23 young (23552K), 0 survivors (0K)
 Metaspace       used 7580K, committed 7744K, reserved 1114112K
  class space    used 935K, committed 1024K, reserved 1048576K
}
Event: 0.808 GC heap after
{Heap after GC invocations=1 (full 0):
 garbage-first heap   total 131072K, used 7594K [0x0000000081600000, 0x0000000100000000)
  region size 1024K, 3 young (3072K), 3 survivors (3072K)
 Metaspace       used 7580K, committed 7744K, reserved 1114112K
  class space    used 935K, committed 1024K, reserved 1048576K
}
Event: 1.247 GC heap before
{Heap before GC invocations=1 (full 0):
 garbage-first heap   total 131072K, used 35242K [0x0000000081600000, 0x0000000100000000)
  region size 1024K, 31 young (31744K), 3 survivors (3072K)
 Metaspace       used 14044K, committed 14400K, reserved 1114112K
  class space    used 1829K, committed 1984K, reserved 1048576K
}
Event: 1.252 GC heap after
{Heap after GC invocations=2 (full 0):
 garbage-first heap   total 131072K, used 10073K [0x0000000081600000, 0x0000000100000000)
  region size 1024K, 3 young (3072K), 3 survivors (3072K)
 Metaspace       used 14044K, committed 14400K, reserved 1114112K
  class space    used 1829K, committed 1984K, reserved 1048576K
}
Event: 1.685 GC heap before
{Heap before GC invocations=2 (full 0):
 garbage-first heap   total 131072K, used 45913K [0x0000000081600000, 0x0000000100000000)
  region size 1024K, 40 young (40960K), 3 survivors (3072K)
 Metaspace       used 20623K, committed 20992K, reserved 1114112K
  class space    used 2716K, committed 2880K, reserved 1048576K
}
Event: 1.690 GC heap after
{Heap after GC invocations=3 (full 0):
 garbage-first heap   total 131072K, used 13946K [0x0000000081600000, 0x0000000100000000)
  region size 1024K, 7 young (7168K), 7 survivors (7168K)
 Metaspace       used 20623K, committed 20992K, reserved 1114112K
  class space    used 2716K, committed 2880K, reserved 1048576K
}
Event: 2.094 GC heap before
{Heap before GC invocations=4 (full 0):
 garbage-first heap   total 55296K, used 39546K [0x0000000081600000, 0x0000000100000000)
  region size 1024K, 32 young (32768K), 7 survivors (7168K)
 Metaspace       used 23204K, committed 23616K, reserved 1114112K
  class space    used 3119K, committed 3328K, reserved 1048576K
}
Event: 2.101 GC heap after
{Heap after GC invocations=5 (full 0):
 garbage-first heap   total 55296K, used 15306K [0x0000000081600000, 0x0000000100000000)
  region size 1024K, 3 young (3072K), 3 survivors (3072K)
 Metaspace       used 23204K, committed 23616K, reserved 1114112K
  class space    used 3119K, committed 3328K, reserved 1048576K
}
Event: 2.516 GC heap before
{Heap before GC invocations=5 (full 0):
 garbage-first heap   total 55296K, used 41930K [0x0000000081600000, 0x0000000100000000)
  region size 1024K, 29 young (29696K), 3 survivors (3072K)
 Metaspace       used 27588K, committed 28096K, reserved 1114112K
  class space    used 3789K, committed 4032K, reserved 1048576K
}
Event: 2.521 GC heap after
{Heap after GC invocations=6 (full 0):
 garbage-first heap   total 55296K, used 17916K [0x0000000081600000, 0x0000000100000000)
  region size 1024K, 4 young (4096K), 4 survivors (4096K)
 Metaspace       used 27588K, committed 28096K, reserved 1114112K
  class space    used 3789K, committed 4032K, reserved 1048576K
}
Event: 2.932 GC heap before
{Heap before GC invocations=6 (full 0):
 garbage-first heap   total 55296K, used 44540K [0x0000000081600000, 0x0000000100000000)
  region size 1024K, 30 young (30720K), 4 survivors (4096K)
 Metaspace       used 32964K, committed 33600K, reserved 1114112K
  class space    used 4436K, committed 4736K, reserved 1048576K
}
Event: 2.937 GC heap after
{Heap after GC invocations=7 (full 0):
 garbage-first heap   total 66560K, used 20808K [0x0000000081600000, 0x0000000100000000)
  region size 1024K, 3 young (3072K), 3 survivors (3072K)
 Metaspace       used 32964K, committed 33600K, reserved 1114112K
  class space    used 4436K, committed 4736K, reserved 1048576K
}
Event: 2.972 GC heap before
{Heap before GC invocations=7 (full 0):
 garbage-first heap   total 66560K, used 20808K [0x0000000081600000, 0x0000000100000000)
  region size 1024K, 4 young (4096K), 3 survivors (3072K)
 Metaspace       used 34414K, committed 35008K, reserved 1114112K
  class space    used 4596K, committed 4864K, reserved 1048576K
}
Event: 2.975 GC heap after
{Heap after GC invocations=8 (full 0):
 garbage-first heap   total 66560K, used 20912K [0x0000000081600000, 0x0000000100000000)
  region size 1024K, 3 young (3072K), 3 survivors (3072K)
 Metaspace       used 34414K, committed 35008K, reserved 1114112K
  class space    used 4596K, committed 4864K, reserved 1048576K
}
Event: 5.871 GC heap before
{Heap before GC invocations=9 (full 0):
 garbage-first heap   total 66560K, used 53680K [0x0000000081600000, 0x0000000100000000)
  region size 1024K, 35 young (35840K), 3 survivors (3072K)
 Metaspace       used 44418K, committed 44992K, reserved 1114112K
  class space    used 6083K, committed 6336K, reserved 1048576K
}
Event: 5.875 GC heap after
{Heap after GC invocations=10 (full 0):
 garbage-first heap   total 66560K, used 22724K [0x0000000081600000, 0x0000000100000000)
  region size 1024K, 5 young (5120K), 5 survivors (5120K)
 Metaspace       used 44418K, committed 44992K, reserved 1114112K
  class space    used 6083K, committed 6336K, reserved 1048576K
}
Event: 6.481 GC heap before
{Heap before GC invocations=10 (full 0):
 garbage-first heap   total 66560K, used 54468K [0x0000000081600000, 0x0000000100000000)
  region size 1024K, 37 young (37888K), 5 survivors (5120K)
 Metaspace       used 53697K, committed 54336K, reserved 1114112K
  class space    used 7533K, committed 7808K, reserved 1048576K
}
Event: 6.486 GC heap after
{Heap after GC invocations=11 (full 0):
 garbage-first heap   total 66560K, used 24008K [0x0000000081600000, 0x0000000100000000)
  region size 1024K, 4 young (4096K), 4 survivors (4096K)
 Metaspace       used 53697K, committed 54336K, reserved 1114112K
  class space    used 7533K, committed 7808K, reserved 1048576K
}

